This file contains any messages produced by compilers while
running configure, to aid debugging if configure makes a mistake.

It was created by pidgin configure 2.0.0, which was
generated by GNU Autoconf 2.61.  Invocation command line was

  $ ./configure --prefix=/home/haze11/nateon/usr

## --------- ##
## Platform. ##
## --------- ##

hostname = haz3.com
uname -m = i686
uname -r = 2.6.20-16-generic
uname -s = Linux
uname -v = #2 SMP Thu Jun 7 20:19:32 UTC 2007

/usr/bin/uname -p = unknown
/bin/uname -X     = unknown

/bin/arch              = i686
/usr/bin/arch -k       = unknown
/usr/convex/getsysinfo = unknown
/usr/bin/hostinfo      = unknown
/bin/machine           = unknown
/usr/bin/oslevel       = unknown
/bin/universe          = unknown

PATH: /home/haze11/bin
PATH: /usr/local/sbin
PATH: /usr/local/bin
PATH: /usr/sbin
PATH: /usr/bin
PATH: /sbin
PATH: /bin
PATH: /usr/bin/X11
PATH: /usr/games


## ----------- ##
## Core tests. ##
## ----------- ##

configure:2015: checking build system type
configure:2033: result: i686-pc-linux-gnu
configure:2055: checking host system type
configure:2070: result: i686-pc-linux-gnu
configure:2092: checking target system type
configure:2107: result: i686-pc-linux-gnu
configure:2152: checking for a BSD-compatible install
configure:2208: result: /usr/bin/install -c
configure:2219: checking whether build environment is sane
configure:2262: result: yes
configure:2290: checking for a thread-safe mkdir -p
configure:2329: result: /bin/mkdir -p
configure:2342: checking for gawk
configure:2372: result: no
configure:2342: checking for mawk
configure:2358: found /usr/bin/mawk
configure:2369: result: mawk
configure:2380: checking whether make sets $(MAKE)
configure:2401: result: yes
configure:2610: checking for sed
configure:2628: found /bin/sed
configure:2640: result: /bin/sed
configure:2698: checking for gcc
configure:2714: found /usr/bin/gcc
configure:2725: result: gcc
configure:2963: checking for C compiler version
configure:2970: gcc --version >&5
gcc (GCC) 4.1.2 (Ubuntu 4.1.2-0ubuntu4)
Copyright (C) 2006 Free Software Foundation, Inc.
This is free software; see the source for copying conditions.  There is NO
warranty; not even for MERCHANTABILITY or FITNESS FOR A PARTICULAR PURPOSE.

configure:2973: $? = 0
configure:2980: gcc -v >&5
Using built-in specs.
Target: i486-linux-gnu
Configured with: ../src/configure -v --enable-languages=c,c++,fortran,objc,obj-c++,treelang --prefix=/usr --enable-shared --with-system-zlib --libexecdir=/usr/lib --without-included-gettext --enable-threads=posix --enable-nls --program-suffix=-4.1 --enable-__cxa_atexit --enable-clocale=gnu --enable-libstdcxx-debug --enable-mpfr --enable-checking=release i486-linux-gnu
Thread model: posix
gcc version 4.1.2 (Ubuntu 4.1.2-0ubuntu4)
configure:2983: $? = 0
configure:2990: gcc -V >&5
gcc: '-V' option must have argument
configure:2993: $? = 1
configure:3016: checking for C compiler default output file name
configure:3043: gcc    conftest.c  >&5
configure:3046: $? = 0
configure:3084: result: a.out
configure:3101: checking whether the C compiler works
configure:3111: ./a.out
configure:3114: $? = 0
configure:3131: result: yes
configure:3138: checking whether we are cross compiling
configure:3140: result: no
configure:3143: checking for suffix of executables
configure:3150: gcc -o conftest    conftest.c  >&5
configure:3153: $? = 0
configure:3177: result: 
configure:3183: checking for suffix of object files
configure:3209: gcc -c   conftest.c >&5
configure:3212: $? = 0
configure:3235: result: o
configure:3239: checking whether we are using the GNU C compiler
configure:3268: gcc -c   conftest.c >&5
configure:3274: $? = 0
configure:3291: result: yes
configure:3296: checking whether gcc accepts -g
configure:3326: gcc -c -g  conftest.c >&5
configure:3332: $? = 0
configure:3431: result: yes
configure:3448: checking for gcc option to accept ISO C89
configure:3522: gcc  -c -g -O2  conftest.c >&5
configure:3528: $? = 0
configure:3551: result: none needed
configure:3580: checking for style of include used by make
configure:3608: result: GNU
configure:3633: checking dependency style of gcc
configure:3724: result: gcc3
configure:3740: checking whether gcc and cc understand -c and -o together
configure:3775: gcc -c conftest.c -o conftest2.o >&5
configure:3778: $? = 0
configure:3784: gcc -c conftest.c -o conftest2.o >&5
configure:3787: $? = 0
configure:3798: cc -c conftest.c >&5
configure:3801: $? = 0
configure:3809: cc -c conftest.c -o conftest2.o >&5
configure:3812: $? = 0
configure:3818: cc -c conftest.c -o conftest2.o >&5
configure:3821: $? = 0
configure:3839: result: yes
configure:3938: checking for a sed that does not truncate output
configure:3992: result: /bin/sed
configure:3995: checking for grep that handles long lines and -e
configure:4069: result: /bin/grep
configure:4074: checking for egrep
configure:4152: result: /bin/grep -E
configure:4168: checking for ld used by gcc
configure:4235: result: /usr/bin/ld
configure:4244: checking if the linker (/usr/bin/ld) is GNU ld
configure:4259: result: yes
configure:4264: checking for /usr/bin/ld option to reload object files
configure:4271: result: -r
configure:4289: checking for BSD-compatible nm
configure:4338: result: /usr/bin/nm -B
configure:4342: checking whether ln -s works
configure:4346: result: yes
configure:4353: checking how to recognise dependent libraries
configure:4529: result: pass_all
configure:4763: checking how to run the C preprocessor
configure:4803: gcc -E  conftest.c
configure:4809: $? = 0
configure:4840: gcc -E  conftest.c
conftest.c:11:28: error: ac_nonexistent.h: No such file or directory
configure:4846: $? = 1
configure: failed program was:
| /* confdefs.h.  */
| #define PACKAGE_NAME "pidgin"
| #define PACKAGE_TARNAME "pidgin"
| #define PACKAGE_VERSION "2.0.0"
| #define PACKAGE_STRING "pidgin 2.0.0"
| #define PACKAGE_BUGREPORT "hansun.lee@gmail.com"
| #define PACKAGE "pidgin"
| #define VERSION "2.0.0"
| #define PIDGIN_NAME "Pidgin"
| /* end confdefs.h.  */
| #include <ac_nonexistent.h>
configure:4879: result: gcc -E
configure:4908: gcc -E  conftest.c
configure:4914: $? = 0
configure:4945: gcc -E  conftest.c
conftest.c:11:28: error: ac_nonexistent.h: No such file or directory
configure:4951: $? = 1
configure: failed program was:
| /* confdefs.h.  */
| #define PACKAGE_NAME "pidgin"
| #define PACKAGE_TARNAME "pidgin"
| #define PACKAGE_VERSION "2.0.0"
| #define PACKAGE_STRING "pidgin 2.0.0"
| #define PACKAGE_BUGREPORT "hansun.lee@gmail.com"
| #define PACKAGE "pidgin"
| #define VERSION "2.0.0"
| #define PIDGIN_NAME "Pidgin"
| /* end confdefs.h.  */
| #include <ac_nonexistent.h>
configure:4989: checking for ANSI C header files
configure:5019: gcc -c -g -O2  conftest.c >&5
configure:5025: $? = 0
configure:5124: gcc -o conftest -g -O2   conftest.c  >&5
configure:5127: $? = 0
configure:5133: ./conftest
configure:5136: $? = 0
configure:5153: result: yes
configure:5177: checking for sys/types.h
configure:5198: gcc -c -g -O2  conftest.c >&5
configure:5204: $? = 0
configure:5220: result: yes
configure:5177: checking for sys/stat.h
configure:5198: gcc -c -g -O2  conftest.c >&5
configure:5204: $? = 0
configure:5220: result: yes
configure:5177: checking for stdlib.h
configure:5198: gcc -c -g -O2  conftest.c >&5
configure:5204: $? = 0
configure:5220: result: yes
configure:5177: checking for string.h
configure:5198: gcc -c -g -O2  conftest.c >&5
configure:5204: $? = 0
configure:5220: result: yes
configure:5177: checking for memory.h
configure:5198: gcc -c -g -O2  conftest.c >&5
configure:5204: $? = 0
configure:5220: result: yes
configure:5177: checking for strings.h
configure:5198: gcc -c -g -O2  conftest.c >&5
configure:5204: $? = 0
configure:5220: result: yes
configure:5177: checking for inttypes.h
configure:5198: gcc -c -g -O2  conftest.c >&5
configure:5204: $? = 0
configure:5220: result: yes
configure:5177: checking for stdint.h
configure:5198: gcc -c -g -O2  conftest.c >&5
configure:5204: $? = 0
configure:5220: result: yes
configure:5177: checking for unistd.h
configure:5198: gcc -c -g -O2  conftest.c >&5
configure:5204: $? = 0
configure:5220: result: yes
configure:5247: checking dlfcn.h usability
configure:5264: gcc -c -g -O2  conftest.c >&5
configure:5270: $? = 0
configure:5284: result: yes
configure:5288: checking dlfcn.h presence
configure:5303: gcc -E  conftest.c
configure:5309: $? = 0
configure:5323: result: yes
configure:5356: checking for dlfcn.h
configure:5364: result: yes
configure:5435: checking for g++
configure:5451: found /usr/bin/g++
configure:5462: result: g++
configure:5493: checking for C++ compiler version
configure:5500: g++ --version >&5
g++ (GCC) 4.1.2 (Ubuntu 4.1.2-0ubuntu4)
Copyright (C) 2006 Free Software Foundation, Inc.
This is free software; see the source for copying conditions.  There is NO
warranty; not even for MERCHANTABILITY or FITNESS FOR A PARTICULAR PURPOSE.

configure:5503: $? = 0
configure:5510: g++ -v >&5
Using built-in specs.
Target: i486-linux-gnu
Configured with: ../src/configure -v --enable-languages=c,c++,fortran,objc,obj-c++,treelang --prefix=/usr --enable-shared --with-system-zlib --libexecdir=/usr/lib --without-included-gettext --enable-threads=posix --enable-nls --program-suffix=-4.1 --enable-__cxa_atexit --enable-clocale=gnu --enable-libstdcxx-debug --enable-mpfr --enable-checking=release i486-linux-gnu
Thread model: posix
gcc version 4.1.2 (Ubuntu 4.1.2-0ubuntu4)
configure:5513: $? = 0
configure:5520: g++ -V >&5
g++: '-V' option must have argument
configure:5523: $? = 1
configure:5526: checking whether we are using the GNU C++ compiler
configure:5555: g++ -c   conftest.cpp >&5
configure:5561: $? = 0
configure:5578: result: yes
configure:5583: checking whether g++ accepts -g
configure:5613: g++ -c -g  conftest.cpp >&5
configure:5619: $? = 0
configure:5718: result: yes
configure:5743: checking dependency style of g++
configure:5834: result: gcc3
configure:5859: checking how to run the C++ preprocessor
configure:5895: g++ -E  conftest.cpp
configure:5901: $? = 0
configure:5932: g++ -E  conftest.cpp
conftest.cpp:22:28: error: ac_nonexistent.h: No such file or directory
configure:5938: $? = 1
configure: failed program was:
| /* confdefs.h.  */
| #define PACKAGE_NAME "pidgin"
| #define PACKAGE_TARNAME "pidgin"
| #define PACKAGE_VERSION "2.0.0"
| #define PACKAGE_STRING "pidgin 2.0.0"
| #define PACKAGE_BUGREPORT "hansun.lee@gmail.com"
| #define PACKAGE "pidgin"
| #define VERSION "2.0.0"
| #define PIDGIN_NAME "Pidgin"
| #define STDC_HEADERS 1
| #define HAVE_SYS_TYPES_H 1
| #define HAVE_SYS_STAT_H 1
| #define HAVE_STDLIB_H 1
| #define HAVE_STRING_H 1
| #define HAVE_MEMORY_H 1
| #define HAVE_STRINGS_H 1
| #define HAVE_INTTYPES_H 1
| #define HAVE_STDINT_H 1
| #define HAVE_UNISTD_H 1
| #define HAVE_DLFCN_H 1
| /* end confdefs.h.  */
| #include <ac_nonexistent.h>
configure:5971: result: g++ -E
configure:6000: g++ -E  conftest.cpp
configure:6006: $? = 0
configure:6037: g++ -E  conftest.cpp
conftest.cpp:22:28: error: ac_nonexistent.h: No such file or directory
configure:6043: $? = 1
configure: failed program was:
| /* confdefs.h.  */
| #define PACKAGE_NAME "pidgin"
| #define PACKAGE_TARNAME "pidgin"
| #define PACKAGE_VERSION "2.0.0"
| #define PACKAGE_STRING "pidgin 2.0.0"
| #define PACKAGE_BUGREPORT "hansun.lee@gmail.com"
| #define PACKAGE "pidgin"
| #define VERSION "2.0.0"
| #define PIDGIN_NAME "Pidgin"
| #define STDC_HEADERS 1
| #define HAVE_SYS_TYPES_H 1
| #define HAVE_SYS_STAT_H 1
| #define HAVE_STDLIB_H 1
| #define HAVE_STRING_H 1
| #define HAVE_MEMORY_H 1
| #define HAVE_STRINGS_H 1
| #define HAVE_INTTYPES_H 1
| #define HAVE_STDINT_H 1
| #define HAVE_UNISTD_H 1
| #define HAVE_DLFCN_H 1
| /* end confdefs.h.  */
| #include <ac_nonexistent.h>
configure:6136: checking for g77
configure:6166: result: no
configure:6136: checking for xlf
configure:6166: result: no
configure:6136: checking for f77
configure:6166: result: no
configure:6136: checking for frt
configure:6166: result: no
configure:6136: checking for pgf77
configure:6166: result: no
configure:6136: checking for cf77
configure:6166: result: no
configure:6136: checking for fort77
configure:6166: result: no
configure:6136: checking for fl32
configure:6166: result: no
configure:6136: checking for af77
configure:6166: result: no
configure:6136: checking for xlf90
configure:6166: result: no
configure:6136: checking for f90
configure:6166: result: no
configure:6136: checking for pgf90
configure:6166: result: no
configure:6136: checking for pghpf
configure:6166: result: no
configure:6136: checking for epcf90
configure:6166: result: no
configure:6136: checking for gfortran
configure:6166: result: no
configure:6136: checking for g95
configure:6166: result: no
configure:6136: checking for xlf95
configure:6166: result: no
configure:6136: checking for f95
configure:6166: result: no
configure:6136: checking for fort
configure:6166: result: no
configure:6136: checking for ifort
configure:6166: result: no
configure:6136: checking for ifc
configure:6166: result: no
configure:6136: checking for efc
configure:6166: result: no
configure:6136: checking for pgf95
configure:6166: result: no
configure:6136: checking for lf95
configure:6166: result: no
configure:6136: checking for ftn
configure:6166: result: no
configure:6193: checking for Fortran 77 compiler version
configure:6200:  --version >&5
./configure: line 6201: --version: command not found
configure:6203: $? = 127
configure:6210:  -v >&5
./configure: line 6211: -v: command not found
configure:6213: $? = 127
configure:6220:  -V >&5
./configure: line 6221: -V: command not found
configure:6223: $? = 127
configure:6231: checking whether we are using the GNU Fortran 77 compiler
configure:6250:  -c  conftest.F >&5
./configure: line 6251: -c: command not found
configure:6256: $? = 127
configure: failed program was:
|       program main
| #ifndef __GNUC__
|        choke me
| #endif
| 
|       end
configure:6273: result: no
configure:6279: checking whether  accepts -g
configure:6296:  -c -g conftest.f >&5
./configure: line 6297: -c: command not found
configure:6302: $? = 127
configure: failed program was:
|       program main
| 
|       end
configure:6318: result: no
configure:6348: checking the maximum length of command line arguments
configure:6457: result: 32768
configure:6468: checking command to parse /usr/bin/nm -B output from gcc object
configure:6573: gcc -c -g -O2  conftest.c >&5
configure:6576: $? = 0
configure:6580: /usr/bin/nm -B conftest.o \| sed -n -e 's/^.*[ 	]\([ABCDGIRSTW][ABCDGIRSTW]*\)[ 	][ 	]*\([_A-Za-z][_A-Za-z0-9]*\)$/\1 \2 \2/p' \> conftest.nm
configure:6583: $? = 0
configure:6635: gcc -o conftest -g -O2   conftest.c conftstm.o >&5
configure:6638: $? = 0
configure:6676: result: ok
configure:6680: checking for objdir
configure:6695: result: .libs
configure:6787: checking for ar
configure:6803: found /usr/bin/ar
configure:6814: result: ar
configure:6883: checking for ranlib
configure:6899: found /usr/bin/ranlib
configure:6910: result: ranlib
configure:6979: checking for strip
configure:6995: found /usr/bin/strip
configure:7006: result: strip
configure:7292: checking if gcc supports -fno-rtti -fno-exceptions
configure:7310: gcc -c -g -O2  -fno-rtti -fno-exceptions conftest.c >&5
cc1: warning: command line option "-fno-rtti" is valid for C++/ObjC++ but not for C
configure:7314: $? = 0
configure:7327: result: no
configure:7342: checking for gcc option to produce PIC
configure:7552: result: -fPIC
configure:7560: checking if gcc PIC flag -fPIC works
configure:7578: gcc -c -g -O2  -fPIC -DPIC conftest.c >&5
configure:7582: $? = 0
configure:7595: result: yes
configure:7623: checking if gcc static flag -static works
configure:7651: result: yes
configure:7661: checking if gcc supports -c -o file.o
configure:7682: gcc -c -g -O2  -o out/conftest2.o conftest.c >&5
configure:7686: $? = 0
configure:7708: result: yes
configure:7734: checking whether the gcc linker (/usr/bin/ld) supports shared libraries
configure:8689: result: yes
configure:8710: checking whether -lc should be explicitly linked in
configure:8715: gcc -c -g -O2  conftest.c >&5
configure:8718: $? = 0
configure:8733: gcc -shared conftest.o  -v -Wl,-soname -Wl,conftest -o conftest 2\>\&1 \| grep  -lc  \>/dev/null 2\>\&1
configure:8736: $? = 0
configure:8748: result: no
configure:8756: checking dynamic linker characteristics
configure:9332: result: GNU/Linux ld.so
configure:9341: checking how to hardcode library paths into programs
configure:9366: result: immediate
configure:9380: checking whether stripping libraries is possible
configure:9385: result: yes
configure:10186: checking if libtool supports shared libraries
configure:10188: result: yes
configure:10191: checking whether to build shared libraries
configure:10212: result: yes
configure:10215: checking whether to build static libraries
configure:10219: result: no
configure:10311: creating libtool
configure:10899: checking for ld used by g++
configure:10966: result: /usr/bin/ld
configure:10975: checking if the linker (/usr/bin/ld) is GNU ld
configure:10990: result: yes
configure:11041: checking whether the g++ linker (/usr/bin/ld) supports shared libraries
configure:11975: result: yes
configure:11993: g++ -c -g -O2  conftest.cpp >&5
configure:11996: $? = 0
configure:12115: checking for g++ option to produce PIC
configure:12389: result: -fPIC
configure:12397: checking if g++ PIC flag -fPIC works
configure:12415: g++ -c -g -O2  -fPIC -DPIC conftest.cpp >&5
configure:12419: $? = 0
configure:12432: result: yes
configure:12460: checking if g++ static flag -static works
configure:12488: result: yes
configure:12498: checking if g++ supports -c -o file.o
configure:12519: g++ -c -g -O2  -o out/conftest2.o conftest.cpp >&5
configure:12523: $? = 0
configure:12545: result: yes
configure:12571: checking whether the g++ linker (/usr/bin/ld) supports shared libraries
configure:12599: result: yes
configure:12666: checking dynamic linker characteristics
configure:13242: result: GNU/Linux ld.so
configure:13251: checking how to hardcode library paths into programs
configure:13276: result: immediate
configure:19408: checking for a BSD-compatible install
configure:19464: result: /usr/bin/install -c
configure:19524: checking for pkg-config
configure:19542: found /usr/bin/pkg-config
configure:19554: result: /usr/bin/pkg-config
configure:19583: checking pkg-config is at least version 0.9.0
configure:19586: result: yes
configure:19612: checking locale.h usability
configure:19629: gcc -c -g -O2  conftest.c >&5
configure:19635: $? = 0
configure:19649: result: yes
configure:19653: checking locale.h presence
configure:19668: gcc -E  conftest.c
configure:19674: $? = 0
configure:19688: result: yes
configure:19721: checking for locale.h
configure:19729: result: yes
configure:19743: checking for LC_MESSAGES
configure:19769: gcc -o conftest -g -O2   conftest.c  >&5
configure:19775: $? = 0
configure:19792: result: yes
configure:19821: checking libintl.h usability
configure:19838: gcc -c -g -O2  conftest.c >&5
configure:19844: $? = 0
configure:19858: result: yes
configure:19862: checking libintl.h presence
configure:19877: gcc -E  conftest.c
configure:19883: $? = 0
configure:19897: result: yes
configure:19930: checking for libintl.h
configure:19937: result: yes
configure:19948: checking for ngettext in libc
configure:19976: gcc -o conftest -g -O2   conftest.c  >&5
configure:19982: $? = 0
configure:20000: result: yes
configure:20004: checking for dgettext in libc
configure:20032: gcc -o conftest -g -O2   conftest.c  >&5
configure:20038: $? = 0
configure:20056: result: yes
configure:20065: checking for bind_textdomain_codeset
configure:20121: gcc -o conftest -g -O2   conftest.c  >&5
configure:20127: $? = 0
configure:20145: result: yes
configure:20632: checking for msgfmt
configure:20659: result: /usr/bin/msgfmt
configure:20672: checking for dcgettext
configure:20728: gcc -o conftest -g -O2   conftest.c   >&5
conftest.c:49: warning: conflicting types for built-in function 'dcgettext'
configure:20734: $? = 0
configure:20752: result: yes
configure:20763: checking if msgfmt accepts -c
configure:20778: msgfmt -c -o /dev/null conftest.foo
configure:20781: $? = 0
configure:20783: result: yes
configure:20793: checking for gmsgfmt
configure:20824: result: /usr/bin/msgfmt
configure:20834: checking for xgettext
configure:20861: result: /usr/bin/xgettext
configure:20890: gcc -o conftest -g -O2   conftest.c   >&5
configure:20896: $? = 0
configure:21123: checking for ANSI C header files
configure:21287: result: yes
configure:21297: checking for sys/wait.h that is POSIX.1 compatible
configure:21333: gcc -c -g -O2  conftest.c >&5
configure:21339: $? = 0
configure:21354: result: yes
configure:21386: checking arpa/nameser_compat.h usability
configure:21403: gcc -c -g -O2  conftest.c >&5
configure:21409: $? = 0
configure:21423: result: yes
configure:21427: checking arpa/nameser_compat.h presence
configure:21442: gcc -E  conftest.c
configure:21448: $? = 0
configure:21462: result: yes
configure:21495: checking for arpa/nameser_compat.h
configure:21503: result: yes
configure:21386: checking fcntl.h usability
configure:21403: gcc -c -g -O2  conftest.c >&5
configure:21409: $? = 0
configure:21423: result: yes
configure:21427: checking fcntl.h presence
configure:21442: gcc -E  conftest.c
configure:21448: $? = 0
configure:21462: result: yes
configure:21495: checking for fcntl.h
configure:21503: result: yes
configure:21386: checking sys/time.h usability
configure:21403: gcc -c -g -O2  conftest.c >&5
configure:21409: $? = 0
configure:21423: result: yes
configure:21427: checking sys/time.h presence
configure:21442: gcc -E  conftest.c
configure:21448: $? = 0
configure:21462: result: yes
configure:21495: checking for sys/time.h
configure:21503: result: yes
configure:21376: checking for unistd.h
configure:21382: result: yes
configure:21376: checking for locale.h
configure:21382: result: yes
configure:21386: checking signal.h usability
configure:21403: gcc -c -g -O2  conftest.c >&5
configure:21409: $? = 0
configure:21423: result: yes
configure:21427: checking signal.h presence
configure:21442: gcc -E  conftest.c
configure:21448: $? = 0
configure:21462: result: yes
configure:21495: checking for signal.h
configure:21503: result: yes
configure:21376: checking for stdint.h
configure:21382: result: yes
configure:21386: checking regex.h usability
configure:21403: gcc -c -g -O2  conftest.c >&5
configure:21409: $? = 0
configure:21423: result: yes
configure:21427: checking regex.h presence
configure:21442: gcc -E  conftest.c
configure:21448: $? = 0
configure:21462: result: yes
configure:21495: checking for regex.h
configure:21503: result: yes
configure:21517: checking for an ANSI C-conforming const
configure:21592: gcc -c -g -O2  conftest.c >&5
configure:21598: $? = 0
configure:21613: result: yes
configure:21623: checking whether struct tm is in sys/time.h or time.h
configure:21653: gcc -c -g -O2  conftest.c >&5
configure:21659: $? = 0
configure:21674: result: time.h
configure:21685: checking whether byte ordering is bigendian
configure:21718: gcc -c -g -O2  conftest.c >&5
configure:21724: $? = 0
configure:21756: gcc -c -g -O2  conftest.c >&5
conftest.c: In function 'main':
conftest.c:45: error: 'not' undeclared (first use in this function)
conftest.c:45: error: (Each undeclared identifier is reported only once
conftest.c:45: error: for each function it appears in.)
conftest.c:45: error: expected ';' before 'big'
configure:21762: $? = 1
configure: failed program was:
| /* confdefs.h.  */
| #define PACKAGE_NAME "pidgin"
| #define PACKAGE_TARNAME "pidgin"
| #define PACKAGE_VERSION "2.0.0"
| #define PACKAGE_STRING "pidgin 2.0.0"
| #define PACKAGE_BUGREPORT "hansun.lee@gmail.com"
| #define PACKAGE "pidgin"
| #define VERSION "2.0.0"
| #define PIDGIN_NAME "Pidgin"
| #define STDC_HEADERS 1
| #define HAVE_SYS_TYPES_H 1
| #define HAVE_SYS_STAT_H 1
| #define HAVE_STDLIB_H 1
| #define HAVE_STRING_H 1
| #define HAVE_MEMORY_H 1
| #define HAVE_STRINGS_H 1
| #define HAVE_INTTYPES_H 1
| #define HAVE_STDINT_H 1
| #define HAVE_UNISTD_H 1
| #define HAVE_DLFCN_H 1
| #define HAVE_LOCALE_H 1
| #define HAVE_LC_MESSAGES 1
| #define HAVE_BIND_TEXTDOMAIN_CODESET 1
| #define HAVE_GETTEXT 1
| #define HAVE_DCGETTEXT 1
| #define ENABLE_NLS 1
| #define STDC_HEADERS 1
| #define HAVE_SYS_WAIT_H 1
| #define HAVE_ARPA_NAMESER_COMPAT_H 1
| #define HAVE_FCNTL_H 1
| #define HAVE_SYS_TIME_H 1
| #define HAVE_UNISTD_H 1
| #define HAVE_LOCALE_H 1
| #define HAVE_SIGNAL_H 1
| #define HAVE_STDINT_H 1
| #define HAVE_REGEX_H 1
| /* end confdefs.h.  */
| #include <sys/types.h>
| #include <sys/param.h>
| 
| int
| main ()
| {
| #if BYTE_ORDER != BIG_ENDIAN
|  not big endian
| #endif
| 
|   ;
|   return 0;
| }
configure:21902: result: no
configure:21922: checking return type of signal handlers
configure:21950: gcc -c -g -O2  conftest.c >&5
conftest.c: In function 'main':
conftest.c:44: error: void value not ignored as it ought to be
configure:21956: $? = 1
configure: failed program was:
| /* confdefs.h.  */
| #define PACKAGE_NAME "pidgin"
| #define PACKAGE_TARNAME "pidgin"
| #define PACKAGE_VERSION "2.0.0"
| #define PACKAGE_STRING "pidgin 2.0.0"
| #define PACKAGE_BUGREPORT "hansun.lee@gmail.com"
| #define PACKAGE "pidgin"
| #define VERSION "2.0.0"
| #define PIDGIN_NAME "Pidgin"
| #define STDC_HEADERS 1
| #define HAVE_SYS_TYPES_H 1
| #define HAVE_SYS_STAT_H 1
| #define HAVE_STDLIB_H 1
| #define HAVE_STRING_H 1
| #define HAVE_MEMORY_H 1
| #define HAVE_STRINGS_H 1
| #define HAVE_INTTYPES_H 1
| #define HAVE_STDINT_H 1
| #define HAVE_UNISTD_H 1
| #define HAVE_DLFCN_H 1
| #define HAVE_LOCALE_H 1
| #define HAVE_LC_MESSAGES 1
| #define HAVE_BIND_TEXTDOMAIN_CODESET 1
| #define HAVE_GETTEXT 1
| #define HAVE_DCGETTEXT 1
| #define ENABLE_NLS 1
| #define STDC_HEADERS 1
| #define HAVE_SYS_WAIT_H 1
| #define HAVE_ARPA_NAMESER_COMPAT_H 1
| #define HAVE_FCNTL_H 1
| #define HAVE_SYS_TIME_H 1
| #define HAVE_UNISTD_H 1
| #define HAVE_LOCALE_H 1
| #define HAVE_SIGNAL_H 1
| #define HAVE_STDINT_H 1
| #define HAVE_REGEX_H 1
| /* end confdefs.h.  */
| #include <sys/types.h>
| #include <signal.h>
| 
| int
| main ()
| {
| return *(signal (0, 0)) (0) == 1;
|   ;
|   return 0;
| }
configure:21971: result: void
configure:21983: checking for strftime
configure:22039: gcc -o conftest -g -O2   conftest.c  >&5
conftest.c:62: warning: conflicting types for built-in function 'strftime'
configure:22045: $? = 0
configure:22063: result: yes
configure:22151: checking for strdup
configure:22207: gcc -o conftest -g -O2   conftest.c  >&5
conftest.c:63: warning: conflicting types for built-in function 'strdup'
configure:22213: $? = 0
configure:22231: result: yes
configure:22151: checking for strstr
configure:22207: gcc -o conftest -g -O2   conftest.c  >&5
conftest.c:64: warning: conflicting types for built-in function 'strstr'
configure:22213: $? = 0
configure:22231: result: yes
configure:22151: checking for atexit
configure:22207: gcc -o conftest -g -O2   conftest.c  >&5
configure:22213: $? = 0
configure:22231: result: yes
configure:22151: checking for setlocale
configure:22207: gcc -o conftest -g -O2   conftest.c  >&5
configure:22213: $? = 0
configure:22231: result: yes
configure:22245: checking for getopt_long
configure:22301: gcc -o conftest -g -O2   conftest.c  >&5
configure:22307: $? = 0
configure:22325: result: yes
configure:22351: checking for __res_query in -lresolv
configure:22386: gcc -o conftest -g -O2   conftest.c -lresolv   >&5
configure:22392: $? = 0
configure:22410: result: yes
configure:22422: checking for gethostent in -lnsl
configure:22457: gcc -o conftest -g -O2   conftest.c -lnsl  -lresolv  >&5
configure:22463: $? = 0
configure:22481: result: yes
configure:22575: checking for -Waggregate-return option to gcc
configure:22600: gcc -c -g -O2 -Waggregate-return  conftest.c >&5
configure:22606: $? = 0
configure:22612: result: yes
configure:22575: checking for -Wcast-align option to gcc
configure:22600: gcc -c -g -O2 -Wcast-align  conftest.c >&5
configure:22606: $? = 0
configure:22612: result: yes
configure:22575: checking for -Wdeclaration-after-statement option to gcc
configure:22600: gcc -c -g -O2 -Wdeclaration-after-statement  conftest.c >&5
configure:22606: $? = 0
configure:22612: result: yes
configure:22575: checking for -Werror-implicit-function-declaration option to gcc
configure:22600: gcc -c -g -O2 -Werror-implicit-function-declaration  conftest.c >&5
configure:22606: $? = 0
configure:22612: result: yes
configure:22575: checking for -Wextra -Wno-sign-compare -Wno-unused-parameter option to gcc
configure:22600: gcc -c -g -O2 -Wextra -Wno-sign-compare -Wno-unused-parameter  conftest.c >&5
configure:22606: $? = 0
configure:22612: result: yes
configure:22575: checking for -Winit-self option to gcc
configure:22600: gcc -c -g -O2 -Winit-self  conftest.c >&5
configure:22606: $? = 0
configure:22612: result: yes
configure:22575: checking for -Wmissing-declarations option to gcc
configure:22600: gcc -c -g -O2 -Wmissing-declarations  conftest.c >&5
configure:22606: $? = 0
configure:22612: result: yes
configure:22575: checking for -Wmissing-prototypes option to gcc
configure:22600: gcc -c -g -O2 -Wmissing-prototypes  conftest.c >&5
configure:22606: $? = 0
configure:22612: result: yes
configure:22575: checking for -Wnested-externs option to gcc
configure:22600: gcc -c -g -O2 -Wnested-externs  conftest.c >&5
configure:22606: $? = 0
configure:22612: result: yes
configure:22575: checking for -Wpointer-arith option to gcc
configure:22600: gcc -c -g -O2 -Wpointer-arith  conftest.c >&5
configure:22606: $? = 0
configure:22612: result: yes
configure:22575: checking for -Wundef option to gcc
configure:22600: gcc -c -g -O2 -Wundef  conftest.c >&5
configure:22606: $? = 0
configure:22612: result: yes
configure:22778: checking for pkg-config
configure:22808: result: /usr/bin/pkg-config
configure:22837: checking pkg-config is at least version 0.7
configure:22840: result: yes
configure:22858: checking for GLIB - version >= 2.0.0
configure:22982: gcc -o conftest -g -g -O2 -I/usr/include/glib-2.0 -I/usr/lib/glib-2.0/include     conftest.c -lglib-2.0   -lnsl -lresolv  >&5
configure:22985: $? = 0
configure:22991: ./conftest
configure:22994: $? = 0
configure:23014: result: yes (version 2.12.11)
configure:23135: checking for pkg-config
configure:23166: result: /usr/bin/pkg-config
configure:23188: checking for GTK+ - version >= 2.0.0
configure:23308: gcc -o conftest -g -g -O2 -I/usr/include/gtk-2.0 -I/usr/lib/gtk-2.0/include -I/usr/include/atk-1.0 -I/usr/include/cairo -I/usr/include/pango-1.0 -I/usr/include/glib-2.0 -I/usr/lib/glib-2.0/include -I/usr/include/freetype2 -I/usr/include/libpng12     conftest.c -lgtk-x11-2.0 -lgdk-x11-2.0 -latk-1.0 -lgdk_pixbuf-2.0 -lm -lpangocairo-1.0 -lfontconfig -lXext -lXrender -lXinerama -lXi -lXrandr -lXcursor -lXfixes -lpango-1.0 -lcairo -lX11 -lgobject-2.0 -lgmodule-2.0 -ldl -lglib-2.0   -lnsl -lresolv  >&5
configure:23311: $? = 0
configure:23317: ./conftest
configure:23320: $? = 0
configure:23340: result: yes (version 2.10.11)
configure:23436: checking for pidgin
configure:23454: found /usr/bin/pidgin
configure:23466: result: /usr/bin/pidgin
configure:23621: creating ./config.status

## ---------------------- ##
## Running config.status. ##
## ---------------------- ##

This file was extended by pidgin config.status 2.0.0, which was
generated by GNU Autoconf 2.61.  Invocation command line was

  CONFIG_FILES    = 
  CONFIG_HEADERS  = 
  CONFIG_LINKS    = 
  CONFIG_COMMANDS = 
  $ ./config.status 

on haz3.com

config.status:712: creating Makefile
config.status:712: creating pixmaps/Makefile
config.status:712: creating pixmaps/protocols/Makefile
config.status:712: creating pixmaps/protocols/16/Makefile
config.status:712: creating pixmaps/protocols/16/scalable/Makefile
config.status:712: creating pixmaps/protocols/22/Makefile
config.status:712: creating pixmaps/protocols/22/scalable/Makefile
config.status:712: creating pixmaps/protocols/48/Makefile
config.status:712: creating pixmaps/protocols/48/scalable/Makefile
config.status:712: creating src/Makefile
config.status:712: creating config.h
config.status:1012: executing depfiles commands
config.status:1012: executing default-1 commands

## ---------------- ##
## Cache variables. ##
## ---------------- ##

ac_cv_build=i686-pc-linux-gnu
ac_cv_c_bigendian=no
ac_cv_c_compiler_gnu=yes
ac_cv_c_const=yes
ac_cv_cxx_compiler_gnu=yes
ac_cv_env_CCC_set=
ac_cv_env_CCC_value=
ac_cv_env_CC_set=
ac_cv_env_CC_value=
ac_cv_env_CFLAGS_set=
ac_cv_env_CFLAGS_value=
ac_cv_env_CPPFLAGS_set=
ac_cv_env_CPPFLAGS_value=
ac_cv_env_CPP_set=
ac_cv_env_CPP_value=
ac_cv_env_CXXCPP_set=
ac_cv_env_CXXCPP_value=
ac_cv_env_CXXFLAGS_set=
ac_cv_env_CXXFLAGS_value=
ac_cv_env_CXX_set=
ac_cv_env_CXX_value=
ac_cv_env_F77_set=
ac_cv_env_F77_value=
ac_cv_env_FFLAGS_set=
ac_cv_env_FFLAGS_value=
ac_cv_env_LDFLAGS_set=
ac_cv_env_LDFLAGS_value=
ac_cv_env_LIBS_set=
ac_cv_env_LIBS_value=
ac_cv_env_PKG_CONFIG_set=
ac_cv_env_PKG_CONFIG_value=
ac_cv_env_build_alias_set=
ac_cv_env_build_alias_value=
ac_cv_env_host_alias_set=
ac_cv_env_host_alias_value=
ac_cv_env_target_alias_set=
ac_cv_env_target_alias_value=
ac_cv_f77_compiler_gnu=no
ac_cv_func_atexit=yes
ac_cv_func_bind_textdomain_codeset=yes
ac_cv_func_dcgettext=yes
ac_cv_func_getopt_long=yes
ac_cv_func_setlocale=yes
ac_cv_func_strdup=yes
ac_cv_func_strftime=yes
ac_cv_func_strstr=yes
ac_cv_header_arpa_nameser_compat_h=yes
ac_cv_header_dlfcn_h=yes
ac_cv_header_fcntl_h=yes
ac_cv_header_inttypes_h=yes
ac_cv_header_libintl_h=yes
ac_cv_header_locale_h=yes
ac_cv_header_memory_h=yes
ac_cv_header_regex_h=yes
ac_cv_header_signal_h=yes
ac_cv_header_stdc=yes
ac_cv_header_stdint_h=yes
ac_cv_header_stdlib_h=yes
ac_cv_header_string_h=yes
ac_cv_header_strings_h=yes
ac_cv_header_sys_stat_h=yes
ac_cv_header_sys_time_h=yes
ac_cv_header_sys_types_h=yes
ac_cv_header_sys_wait_h=yes
ac_cv_header_unistd_h=yes
ac_cv_host=i686-pc-linux-gnu
ac_cv_lib_nsl_gethostent=yes
ac_cv_lib_resolv___res_query=yes
ac_cv_objext=o
ac_cv_path_EGREP='/bin/grep -E'
ac_cv_path_GMSGFMT=/usr/bin/msgfmt
ac_cv_path_GREP=/bin/grep
ac_cv_path_MSGFMT=/usr/bin/msgfmt
ac_cv_path_PKG_CONFIG=/usr/bin/pkg-config
ac_cv_path_XGETTEXT=/usr/bin/xgettext
ac_cv_path_ac_pt_PKG_CONFIG=/usr/bin/pkg-config
ac_cv_path_install='/usr/bin/install -c'
ac_cv_path_mkdir=/bin/mkdir
ac_cv_path_pidginpath=/usr/bin/pidgin
ac_cv_path_sedpath=/bin/sed
ac_cv_prog_AWK=mawk
ac_cv_prog_CPP='gcc -E'
ac_cv_prog_CXXCPP='g++ -E'
ac_cv_prog_ac_ct_AR=ar
ac_cv_prog_ac_ct_CC=gcc
ac_cv_prog_ac_ct_CXX=g++
ac_cv_prog_ac_ct_RANLIB=ranlib
ac_cv_prog_ac_ct_STRIP=strip
ac_cv_prog_cc_c89=
ac_cv_prog_cc_g=yes
ac_cv_prog_cc_gcc_c_o=yes
ac_cv_prog_cxx_g=yes
ac_cv_prog_f77_g=no
ac_cv_prog_make_make_set=yes
ac_cv_struct_tm=time.h
ac_cv_target=i686-pc-linux-gnu
ac_cv_type_signal=void
am_cv_CC_dependencies_compiler_type=gcc3
am_cv_CXX_dependencies_compiler_type=gcc3
am_cv_val_LC_MESSAGES=yes
gt_cv_func_dgettext_libc=yes
gt_cv_func_dgettext_libintl=no
gt_cv_func_ngettext_libc=yes
gt_cv_have_gettext=yes
lt_cv_deplibs_check_method=pass_all
lt_cv_file_magic_cmd='$MAGIC_CMD'
lt_cv_file_magic_test_file=
lt_cv_ld_reload_flag=-r
lt_cv_objdir=.libs
lt_cv_path_LD=/usr/bin/ld
lt_cv_path_LDCXX=/usr/bin/ld
lt_cv_path_NM='/usr/bin/nm -B'
lt_cv_path_SED=/bin/sed
lt_cv_prog_compiler_c_o=yes
lt_cv_prog_compiler_c_o_CXX=yes
lt_cv_prog_compiler_rtti_exceptions=no
lt_cv_prog_gnu_ld=yes
lt_cv_prog_gnu_ldcxx=yes
lt_cv_sys_global_symbol_pipe='sed -n -e '\''s/^.*[ 	]\([ABCDGIRSTW][ABCDGIRSTW]*\)[ 	][ 	]*\([_A-Za-z][_A-Za-z0-9]*\)$/\1 \2 \2/p'\'''
lt_cv_sys_global_symbol_to_c_name_address='sed -n -e '\''s/^: \([^ ]*\) $/  {\"\1\", (lt_ptr) 0},/p'\'' -e '\''s/^[BCDEGRST] \([^ ]*\) \([^ ]*\)$/  {"\2", (lt_ptr) \&\2},/p'\'''
lt_cv_sys_global_symbol_to_cdecl='sed -n -e '\''s/^. .* \(.*\)$/extern int \1;/p'\'''
lt_cv_sys_max_cmd_len=32768
lt_lt_cv_prog_compiler_c_o='"yes"'
lt_lt_cv_prog_compiler_c_o_CXX='"yes"'
lt_lt_cv_sys_global_symbol_pipe='"sed -n -e '\''s/^.*[ 	]\\([ABCDGIRSTW][ABCDGIRSTW]*\\)[ 	][ 	]*\\([_A-Za-z][_A-Za-z0-9]*\\)\$/\\1 \\2 \\2/p'\''"'
lt_lt_cv_sys_global_symbol_to_c_name_address='"sed -n -e '\''s/^: \\([^ ]*\\) \$/  {\\\"\\1\\\", (lt_ptr) 0},/p'\'' -e '\''s/^[BCDEGRST] \\([^ ]*\\) \\([^ ]*\\)\$/  {\"\\2\", (lt_ptr) \\&\\2},/p'\''"'
lt_lt_cv_sys_global_symbol_to_cdecl='"sed -n -e '\''s/^. .* \\(.*\\)\$/extern int \\1;/p'\''"'

## ----------------- ##
## Output variables. ##
## ----------------- ##

ACLOCAL='${SHELL} /home/haze11/nateon/missing --run aclocal-1.10'
AMDEPBACKSLASH='\'
AMDEP_FALSE='#'
AMDEP_TRUE=''
AMTAR='${SHELL} /home/haze11/nateon/missing --run tar'
AR='ar'
AUTOCONF='${SHELL} /home/haze11/nateon/missing --run autoconf'
AUTOHEADER='${SHELL} /home/haze11/nateon/missing --run autoheader'
AUTOMAKE='${SHELL} /home/haze11/nateon/missing --run automake-1.10'
AWK='mawk'
CATALOGS=''
CATOBJEXT='.gmo'
CC='gcc'
CCDEPMODE='depmode=gcc3'
CFLAGS='-g -g -O2'
CPP='gcc -E'
CPPFLAGS=''
CXX='g++'
CXXCPP='g++ -E'
CXXDEPMODE='depmode=gcc3'
CXXFLAGS='-g -O2'
CYGPATH_W='echo'
DATADIRNAME='share'
DEBUG_CFLAGS='-Wall  -Waggregate-return -Wcast-align -Wdeclaration-after-statement -Werror-implicit-function-declaration -Wextra -Wno-sign-compare -Wno-unused-parameter -Winit-self -Wmissing-declarations -Wmissing-prototypes -Wnested-externs -Wpointer-arith -Wundef'
DEFS='-DHAVE_CONFIG_H'
DEPDIR='.deps'
ECHO='echo'
ECHO_C=''
ECHO_N='-n'
ECHO_T=''
EGREP='/bin/grep -E'
EXEEXT=''
F77=''
FFLAGS=''
GLIB_CFLAGS='-I/usr/include/glib-2.0 -I/usr/lib/glib-2.0/include  '
GLIB_GENMARSHAL='glib-genmarshal'
GLIB_LIBS='-lglib-2.0  '
GLIB_MKENUMS='glib-mkenums'
GMOFILES=''
GMSGFMT='/usr/bin/msgfmt'
GOBJECT_QUERY='gobject-query'
GREP='/bin/grep'
GTK_CFLAGS='-I/usr/include/gtk-2.0 -I/usr/lib/gtk-2.0/include -I/usr/include/atk-1.0 -I/usr/include/cairo -I/usr/include/pango-1.0 -I/usr/include/glib-2.0 -I/usr/lib/glib-2.0/include -I/usr/include/freetype2 -I/usr/include/libpng12  '
GTK_LIBS='-lgtk-x11-2.0 -lgdk-x11-2.0 -latk-1.0 -lgdk_pixbuf-2.0 -lm -lpangocairo-1.0 -lfontconfig -lXext -lXrender -lXinerama -lXi -lXrandr -lXcursor -lXfixes -lpango-1.0 -lcairo -lX11 -lgobject-2.0 -lgmodule-2.0 -ldl -lglib-2.0  '
INSTALL_DATA='${INSTALL} -m 644'
INSTALL_PROGRAM='${INSTALL}'
INSTALL_SCRIPT='${INSTALL}'
INSTALL_STRIP_PROGRAM='$(install_sh) -c -s'
INSTOBJEXT='.mo'
INTLLIBS=''
LDFLAGS=''
LIBOBJS=''
LIBS='-lnsl -lresolv '
LIBTOOL='$(SHELL) $(top_builddir)/libtool --silent'
LN_S='ln -s'
LTLIBOBJS=''
MAKEINFO='${SHELL} /home/haze11/nateon/missing --run makeinfo'
MKINSTALLDIRS='./mkinstalldirs'
MSGFMT='/usr/bin/msgfmt'
MSGFMT_OPTS='-c'
OBJEXT='o'
PACKAGE='pidgin'
PACKAGE_BUGREPORT='hansun.lee@gmail.com'
PACKAGE_NAME='pidgin'
PACKAGE_STRING='pidgin 2.0.0'
PACKAGE_TARNAME='pidgin'
PACKAGE_VERSION='2.0.0'
PATH_SEPARATOR=':'
PKG_CONFIG='/usr/bin/pkg-config'
PLUGINS_FALSE='#'
PLUGINS_TRUE=''
POFILES=''
POSUB='po'
PO_IN_DATADIR_FALSE=''
PO_IN_DATADIR_TRUE=''
PURPLE_LT_VERSION_INFO='0:0:0'
PURPLE_MAJOR_VERSION='2'
PURPLE_MICRO_VERSION='0'
PURPLE_MINOR_VERSION='0'
PURPLE_VERSION='purple_display_version'
RANLIB='ranlib'
SET_MAKE=''
SHELL='/bin/bash'
STATIC_NATEON_FALSE=''
STATIC_NATEON_TRUE='#'
STRIP='strip'
USE_NLS='yes'
VERSION='2.0.0'
XGETTEXT='/usr/bin/xgettext'
ac_ct_CC='gcc'
ac_ct_CXX='g++'
ac_ct_F77=''
am__fastdepCC_FALSE='#'
am__fastdepCC_TRUE=''
am__fastdepCXX_FALSE='#'
am__fastdepCXX_TRUE=''
am__include='include'
am__isrc=''
am__leading_dot='.'
am__quote=''
am__tar='${AMTAR} chof - "$$tardir"'
am__untar='${AMTAR} xf -'
bindir='${exec_prefix}/bin'
build='i686-pc-linux-gnu'
build_alias=''
build_cpu='i686'
build_os='linux-gnu'
build_vendor='pc'
datadir='${datarootdir}'
datarootdir='${prefix}/share'
docdir='${datarootdir}/doc/${PACKAGE_TARNAME}'
dvidir='${docdir}'
exec_prefix='${prefix}'
host='i686-pc-linux-gnu'
host_alias=''
host_cpu='i686'
host_os='linux-gnu'
host_vendor='pc'
htmldir='${docdir}'
includedir='${prefix}/include'
infodir='${datarootdir}/info'
install_sh='$(SHELL) /home/haze11/nateon/install-sh'
libdir='${exec_prefix}/lib'
libexecdir='${exec_prefix}/libexec'
localedir='${datarootdir}/locale'
localstatedir='${prefix}/var'
mandir='${datarootdir}/man'
mkdir_p='/bin/mkdir -p'
oldincludedir='/usr/include'
pdfdir='${docdir}'
pidginpath='/usr/bin/pidgin'
prefix='/home/haze11/nateon/usr'
program_transform_name='s,x,x,'
psdir='${docdir}'
sbindir='${exec_prefix}/sbin'
sedpath='/bin/sed'
sharedstatedir='${prefix}/com'
sysconfdir='${prefix}/etc'
target='i686-pc-linux-gnu'
target_alias=''
target_cpu='i686'
target_os='linux-gnu'
target_vendor='pc'

## ----------- ##
## confdefs.h. ##
## ----------- ##

#define PACKAGE_NAME "pidgin"
#define PACKAGE_TARNAME "pidgin"
#define PACKAGE_VERSION "2.0.0"
#define PACKAGE_STRING "pidgin 2.0.0"
#define PACKAGE_BUGREPORT "hansun.lee@gmail.com"
#define PACKAGE "pidgin"
#define VERSION "2.0.0"
#define PIDGIN_NAME "Pidgin"
#define STDC_HEADERS 1
#define HAVE_SYS_TYPES_H 1
#define HAVE_SYS_STAT_H 1
#define HAVE_STDLIB_H 1
#define HAVE_STRING_H 1
#define HAVE_MEMORY_H 1
#define HAVE_STRINGS_H 1
#define HAVE_INTTYPES_H 1
#define HAVE_STDINT_H 1
#define HAVE_UNISTD_H 1
#define HAVE_DLFCN_H 1
#define HAVE_LOCALE_H 1
#define HAVE_LC_MESSAGES 1
#define HAVE_BIND_TEXTDOMAIN_CODESET 1
#define HAVE_GETTEXT 1
#define HAVE_DCGETTEXT 1
#define ENABLE_NLS 1
#define STDC_HEADERS 1
#define HAVE_SYS_WAIT_H 1
#define HAVE_ARPA_NAMESER_COMPAT_H 1
#define HAVE_FCNTL_H 1
#define HAVE_SYS_TIME_H 1
#define HAVE_UNISTD_H 1
#define HAVE_LOCALE_H 1
#define HAVE_SIGNAL_H 1
#define HAVE_STDINT_H 1
#define HAVE_REGEX_H 1
#define RETSIGTYPE void
#define HAVE_STRFTIME 1
#define HAVE_STRDUP 1
#define HAVE_STRSTR 1
#define HAVE_ATEXIT 1
#define HAVE_SETLOCALE 1
#define HAVE_GETOPT_LONG 1
#define HAVE_LIBRESOLV 1
#define HAVE_LIBNSL 1
#define PURPLE_PLUGINS 1

configure: exit 0

## ---------------------- ##
## Running config.status. ##
## ---------------------- ##

This file was extended by pidgin config.status 2.0.0, which was
generated by GNU Autoconf 2.61.  Invocation command line was

  CONFIG_FILES    = 
  CONFIG_HEADERS  = 
  CONFIG_LINKS    = 
  CONFIG_COMMANDS = 
  $ ./config.status config.h

on haz3.com

config.status:712: creating config.h
config.status:966: config.h is unchanged
